++ gcc -std=c99 buff2.c -obuff2 -O3 '-DBUFSZ=32*1024' -DMEGS=20
++ ./buff2
83426013

real	0m0.021s
user	0m0.004s
sys	0m0.016s
++ gcc -std=c99 buff2.c -obuff2 -O3 -DBUFSZ=32 -DMEGS=20
++ ./buff2
83426013

real	0m0.048s
user	0m0.031s
sys	0m0.016s
++ gcc -std=c99 buff2.c -obuff2 -O3 '-DBUFSZ=32*1024' -DMEGS=20
++ ./buff2
83426013

real	0m0.020s
user	0m0.008s
sys	0m0.012s
++ gcc -std=c99 buff2.c -obuff2 -O3 -DBUFSZ=32 -DMEGS=20
++ ./buff2
83426013

real	0m0.048s
user	0m0.035s
sys	0m0.012s
++ gcc -std=c99 buff2.c -obuff2 -O3 -DSEEK -DMEGS=20
++ ./buff2
83426013

real	0m0.197s
user	0m0.112s
sys	0m0.086s
++ gcc -std=c99 buff2.c -obuff2 -O3 '-DBUFSZ=32*1024' -DMEGS=1000
++ ./buff2
-117332168

real	0m0.787s
user	0m0.276s
sys	0m0.510s
++ gcc -std=c99 buff2.c -obuff2 -O3 -DBUFSZ=32 -DMEGS=1000
++ ./buff2
-117332168

real	0m1.567s
user	0m1.075s
sys	0m0.486s
++ gcc -std=c99 buff2.c -obuff2 -O3 '-DBUFSZ=32*1024' -DMEGS=1000
++ ./buff2
-117332168

real	0m0.765s
user	0m0.231s
sys	0m0.530s
++ gcc -std=c99 buff2.c -obuff2 -O3 -DBUFSZ=32 -DMEGS=1000
++ ./buff2
-117332168

real	0m1.518s
user	0m1.028s
sys	0m0.487s
++ gcc -std=c99 buff2.c -obuff2 -O3 '-DBUFSZ=32*1024' -DMEGS=1000
++ ./buff2
-117332168

real	0m0.639s
user	0m0.179s
sys	0m0.455s
